-------------------------------------------------------------------------------
Test set: mariuszs.spock.CalculatorTest
-------------------------------------------------------------------------------
Tests run: 3, Failures: 0, Errors: 1, Skipped: 0, Time elapsed: 0.318 sec <<< FAILURE! - in mariuszs.spock.CalculatorTest
should calculate: #x + #y = #sum(mariuszs.spock.CalculatorTest)  Time elapsed: 0.245 sec  <<< ERROR!
java.lang.reflect.InaccessibleObjectException: Unable to make field protected transient int java.util.AbstractList.modCount accessible: module java.base does not "opens java.util" to unnamed module @1b701da1
	at java.base/java.security.AccessController.doPrivileged(AccessController.java:312)
	at org.codehaus.groovy.util.LazyReference.getLocked(LazyReference.java:49)
	at org.codehaus.groovy.util.LazyReference.get(LazyReference.java:36)
	at org.apache.maven.surefire.junit4.JUnit4Provider.execute(JUnit4Provider.java:283)
	at org.apache.maven.surefire.junit4.JUnit4Provider.executeWithRerun(JUnit4Provider.java:173)
	at org.apache.maven.surefire.junit4.JUnit4Provider.executeTestSet(JUnit4Provider.java:153)
	at org.apache.maven.surefire.junit4.JUnit4Provider.invoke(JUnit4Provider.java:128)
	at org.apache.maven.surefire.booter.ForkedBooter.invokeProviderInSameClassLoader(ForkedBooter.java:203)
	at org.apache.maven.surefire.booter.ForkedBooter.runSuitesInProcess(ForkedBooter.java:155)
	at org.apache.maven.surefire.booter.ForkedBooter.main(ForkedBooter.java:103)

